<?xml version="1.0" encoding="UTF-8"?>
<!-- Generated by org.testng.reporters.JUnitReportReporter -->
<testsuite skipped="0" hostname="sharanya"
	name="Report01.ExtendReportListener" tests="1" failures="0"
	timestamp="2020-06-23T14:24:34 IST" time="4.049" errors="0">
	<testcase name="functionality" time="4.049"
		classname="Report01.ExtendReportListener" />
	<system-out />
</testsuite> <!-- Report01.ExtendReportListener -->
