<?xml version="1.0" encoding="UTF-8"?>
<!-- Generated by org.testng.reporters.JUnitReportReporter -->
<testsuite skipped="0" hostname="sharanya"
	name="Report01.AjaxControl" tests="1" failures="0"
	timestamp="2020-06-23T14:32:54 IST" time="3.297" errors="0">
	<testcase name="functionality" time="3.297"
		classname="Report01.AjaxControl" />
	<system-out />
</testsuite> <!-- Report01.AjaxControl -->
